# JRE version: OpenJDK Runtime Environment Temurin-21.0.10+7 (21.0.10+7) (build 21.0.10+7-LTS)
# Java VM: OpenJDK 64-Bit Server VM Temurin-21.0.10+7 (21.0.10+7-LTS, mixed mode, sharing, tiered, compressed oops, compressed class ptrs, parallel gc, windows-amd64)
GC Precious Log:
 CardTable entry size: 512
 CPUs: 4 total, 4 available
 Memory: 3962M
 Large Page Support: Disabled
 NUMA Support: Disabled
 Compressed Oops: Enabled (32-bit)
 Alignments: Space 512K, Generation 512K, Heap 2M
 Heap Min Capacity: 100M
 Heap Initial Capacity: 100M
 Heap Max Capacity: 2G
 Pre-touch: Disabled
 Parallel Workers: 4
Heap:
 PSYoungGen      total 2560K, used 2190K [0x00000000d5580000, 0x00000000d6000000, 0x0000000100000000)
  eden space 512K, 33% used [0x00000000d5580000,0x00000000d55aac18,0x00000000d5600000)
  from space 2048K, 98% used [0x00000000d5a00000,0x00000000d5bf8c98,0x00000000d5c00000)
  to   space 4096K, 0% used [0x00000000d5600000,0x00000000d5600000,0x00000000d5a00000)
 ParOldGen       total 289280K, used 289125K [0x0000000080000000, 0x0000000091a80000, 0x00000000d5580000)
  object space 289280K, 99% used [0x0000000080000000,0x0000000091a59798,0x0000000091a80000)
 Metaspace       used 69927K, committed 71552K, reserved 1114112K
  class space    used 7130K, committed 7872K, reserved 1048576K
GC Heap History (20 events):
Event: 1956.549 GC heap before
{Heap before GC invocations=340 (full 3):
 PSYoungGen      total 3072K, used 2592K [0x00000000d5580000, 0x00000000d5a80000, 0x0000000100000000)
  eden space 1536K, 100% used [0x00000000d5580000,0x00000000d5700000,0x00000000d5700000)
  from space 1536K, 68% used [0x00000000d5900000,0x00000000d5a08000,0x00000000d5a80000)
  to   space 1536K, 0% used [0x00000000d5780000,0x00000000d5780000,0x00000000d5900000)
 ParOldGen       total 273920K, used 273465K [0x0000000080000000, 0x0000000090b80000, 0x00000000d5580000)
  object space 273920K, 99% used [0x0000000080000000,0x0000000090b0e798,0x0000000090b80000)
 Metaspace       used 69923K, committed 71552K, reserved 1114112K
  class space    used 7130K, committed 7872K, reserved 1048576K
}
Event: 1956.555 GC heap after
{Heap after GC invocations=340 (full 3):
 PSYoungGen      total 3584K, used 1536K [0x00000000d5580000, 0x00000000d5d80000, 0x0000000100000000)
  eden space 2048K, 0% used [0x00000000d5580000,0x00000000d5580000,0x00000000d5780000)
  from space 1536K, 100% used [0x00000000d5780000,0x00000000d5900000,0x00000000d5900000)
  to   space 3072K, 0% used [0x00000000d5a80000,0x00000000d5a80000,0x00000000d5d80000)
 ParOldGen       total 274944K, used 274497K [0x0000000080000000, 0x0000000090c80000, 0x00000000d5580000)
  object space 274944K, 99% used [0x0000000080000000,0x0000000090c10798,0x0000000090c80000)
 Metaspace       used 69923K, committed 71552K, reserved 1114112K
  class space    used 7130K, committed 7872K, reserved 1048576K
}
Event: 1956.567 GC heap before
{Heap before GC invocations=341 (full 3):
 PSYoungGen      total 3584K, used 3584K [0x00000000d5580000, 0x00000000d5d80000, 0x0000000100000000)
  eden space 2048K, 100% used [0x00000000d5580000,0x00000000d5780000,0x00000000d5780000)
  from space 1536K, 100% used [0x00000000d5780000,0x00000000d5900000,0x00000000d5900000)
  to   space 3072K, 0% used [0x00000000d5a80000,0x00000000d5a80000,0x00000000d5d80000)
 ParOldGen       total 274944K, used 274497K [0x0000000080000000, 0x0000000090c80000, 0x00000000d5580000)
  object space 274944K, 99% used [0x0000000080000000,0x0000000090c10798,0x0000000090c80000)
 Metaspace       used 69923K, committed 71552K, reserved 1114112K
  class space    used 7130K, committed 7872K, reserved 1048576K
}
Event: 1956.575 GC heap after
{Heap after GC invocations=341 (full 3):
 PSYoungGen      total 5120K, used 1946K [0x00000000d5580000, 0x00000000d5d00000, 0x0000000100000000)
  eden space 2560K, 0% used [0x00000000d5580000,0x00000000d5580000,0x00000000d5800000)
  from space 2560K, 76% used [0x00000000d5a80000,0x00000000d5c66800,0x00000000d5d00000)
  to   space 2560K, 0% used [0x00000000d5800000,0x00000000d5800000,0x00000000d5a80000)
 ParOldGen       total 276480K, used 276025K [0x0000000080000000, 0x0000000090e00000, 0x00000000d5580000)
  object space 276480K, 99% used [0x0000000080000000,0x0000000090d8e798,0x0000000090e00000)
 Metaspace       used 69923K, committed 71552K, reserved 1114112K
  class space    used 7130K, committed 7872K, reserved 1048576K
}
Event: 1956.604 GC heap before
{Heap before GC invocations=342 (full 3):
 PSYoungGen      total 5120K, used 4428K [0x00000000d5580000, 0x00000000d5d00000, 0x0000000100000000)
  eden space 2560K, 96% used [0x00000000d5580000,0x00000000d57ecb30,0x00000000d5800000)
  from space 2560K, 76% used [0x00000000d5a80000,0x00000000d5c66800,0x00000000d5d00000)
  to   space 2560K, 0% used [0x00000000d5800000,0x00000000d5800000,0x00000000d5a80000)
 ParOldGen       total 276480K, used 276025K [0x0000000080000000, 0x0000000090e00000, 0x00000000d5580000)
  object space 276480K, 99% used [0x0000000080000000,0x0000000090d8e798,0x0000000090e00000)
 Metaspace       used 69923K, committed 71552K, reserved 1114112K
  class space    used 7130K, committed 7872K, reserved 1048576K
}
Event: 1956.610 GC heap after
{Heap after GC invocations=342 (full 3):
 PSYoungGen      total 5120K, used 2224K [0x00000000d5580000, 0x00000000d5d80000, 0x0000000100000000)
  eden space 2560K, 0% used [0x00000000d5580000,0x00000000d5580000,0x00000000d5800000)
  from space 2560K, 86% used [0x00000000d5800000,0x00000000d5a2c000,0x00000000d5a80000)
  to   space 2560K, 0% used [0x00000000d5b00000,0x00000000d5b00000,0x00000000d5d80000)
 ParOldGen       total 278016K, used 277769K [0x0000000080000000, 0x0000000090f80000, 0x00000000d5580000)
  object space 278016K, 99% used [0x0000000080000000,0x0000000090f42798,0x0000000090f80000)
 Metaspace       used 69923K, committed 71552K, reserved 1114112K
  class space    used 7130K, committed 7872K, reserved 1048576K
}
Event: 1956.804 GC heap before
{Heap before GC invocations=343 (full 3):
 PSYoungGen      total 5120K, used 4784K [0x00000000d5580000, 0x00000000d5d80000, 0x0000000100000000)
  eden space 2560K, 100% used [0x00000000d5580000,0x00000000d5800000,0x00000000d5800000)
  from space 2560K, 86% used [0x00000000d5800000,0x00000000d5a2c000,0x00000000d5a80000)
  to   space 2560K, 0% used [0x00000000d5b00000,0x00000000d5b00000,0x00000000d5d80000)
 ParOldGen       total 278016K, used 277769K [0x0000000080000000, 0x0000000090f80000, 0x00000000d5580000)
  object space 278016K, 99% used [0x0000000080000000,0x0000000090f42798,0x0000000090f80000)
 Metaspace       used 69923K, committed 71552K, reserved 1114112K
  class space    used 7130K, committed 7872K, reserved 1048576K
}
Event: 1956.813 GC heap after
{Heap after GC invocations=343 (full 3):
 PSYoungGen      total 3584K, used 2532K [0x00000000d5580000, 0x00000000d6180000, 0x0000000100000000)
  eden space 1024K, 0% used [0x00000000d5580000,0x00000000d5580000,0x00000000d5680000)
  from space 2560K, 98% used [0x00000000d5b00000,0x00000000d5d79000,0x00000000d5d80000)
  to   space 4608K, 0% used [0x00000000d5680000,0x00000000d5680000,0x00000000d5b00000)
 ParOldGen       total 279552K, used 279345K [0x0000000080000000, 0x0000000091100000, 0x00000000d5580000)
  object space 279552K, 99% used [0x0000000080000000,0x00000000910cc798,0x0000000091100000)
 Metaspace       used 69923K, committed 71552K, reserved 1114112K
  class space    used 7130K, committed 7872K, reserved 1048576K
}
Event: 1956.823 GC heap before
{Heap before GC invocations=344 (full 3):
 PSYoungGen      total 3584K, used 3556K [0x00000000d5580000, 0x00000000d6180000, 0x0000000100000000)
  eden space 1024K, 100% used [0x00000000d5580000,0x00000000d5680000,0x00000000d5680000)
  from space 2560K, 98% used [0x00000000d5b00000,0x00000000d5d79000,0x00000000d5d80000)
  to   space 4608K, 0% used [0x00000000d5680000,0x00000000d5680000,0x00000000d5b00000)
 ParOldGen       total 279552K, used 279345K [0x0000000080000000, 0x0000000091100000, 0x00000000d5580000)
  object space 279552K, 99% used [0x0000000080000000,0x00000000910cc798,0x0000000091100000)
 Metaspace       used 69923K, committed 71552K, reserved 1114112K
  class space    used 7130K, committed 7872K, reserved 1048576K
}
Event: 1956.828 GC heap after
{Heap after GC invocations=344 (full 3):
 PSYoungGen      total 2560K, used 1088K [0x00000000d5580000, 0x00000000d5c00000, 0x0000000100000000)
  eden space 1024K, 0% used [0x00000000d5580000,0x00000000d5580000,0x00000000d5680000)
  from space 1536K, 70% used [0x00000000d5680000,0x00000000d5790000,0x00000000d5800000)
  to   space 2560K, 0% used [0x00000000d5980000,0x00000000d5980000,0x00000000d5c00000)
 ParOldGen       total 282112K, used 281885K [0x0000000080000000, 0x0000000091380000, 0x00000000d5580000)
  object space 282112K, 99% used [0x0000000080000000,0x0000000091347798,0x0000000091380000)
 Metaspace       used 69923K, committed 71552K, reserved 1114112K
  class space    used 7130K, committed 7872K, reserved 1048576K
}
Event: 1956.838 GC heap before
{Heap before GC invocations=345 (full 3):
 PSYoungGen      total 2560K, used 2112K [0x00000000d5580000, 0x00000000d5c00000, 0x0000000100000000)
  eden space 1024K, 100% used [0x00000000d5580000,0x00000000d5680000,0x00000000d5680000)
  from space 1536K, 70% used [0x00000000d5680000,0x00000000d5790000,0x00000000d5800000)
  to   space 2560K, 0% used [0x00000000d5980000,0x00000000d5980000,0x00000000d5c00000)
 ParOldGen       total 282112K, used 281885K [0x0000000080000000, 0x0000000091380000, 0x00000000d5580000)
  object space 282112K, 99% used [0x0000000080000000,0x0000000091347798,0x0000000091380000)
 Metaspace       used 69923K, committed 71552K, reserved 1114112K
  class space    used 7130K, committed 7872K, reserved 1048576K
}
Event: 1956.842 GC heap after
{Heap after GC invocations=345 (full 3):
 PSYoungGen      total 3072K, used 1056K [0x00000000d5580000, 0x00000000d5b00000, 0x0000000100000000)
  eden space 1536K, 0% used [0x00000000d5580000,0x00000000d5580000,0x00000000d5700000)
  from space 1536K, 68% used [0x00000000d5980000,0x00000000d5a88000,0x00000000d5b00000)
  to   space 1536K, 0% used [0x00000000d5800000,0x00000000d5800000,0x00000000d5980000)
 ParOldGen       total 283136K, used 282901K [0x0000000080000000, 0x0000000091480000, 0x00000000d5580000)
  object space 283136K, 99% used [0x0000000080000000,0x0000000091445798,0x0000000091480000)
 Metaspace       used 69923K, committed 71552K, reserved 1114112K
  class space    used 7130K, committed 7872K, reserved 1048576K
}
Event: 1956.854 GC heap before
{Heap before GC invocations=346 (full 3):
 PSYoungGen      total 3072K, used 2592K [0x00000000d5580000, 0x00000000d5b00000, 0x0000000100000000)
  eden space 1536K, 100% used [0x00000000d5580000,0x00000000d5700000,0x00000000d5700000)
  from space 1536K, 68% used [0x00000000d5980000,0x00000000d5a88000,0x00000000d5b00000)
  to   space 1536K, 0% used [0x00000000d5800000,0x00000000d5800000,0x00000000d5980000)
 ParOldGen       total 283136K, used 282901K [0x0000000080000000, 0x0000000091480000, 0x00000000d5580000)
  object space 283136K, 99% used [0x0000000080000000,0x0000000091445798,0x0000000091480000)
 Metaspace       used 69923K, committed 71552K, reserved 1114112K
  class space    used 7130K, committed 7872K, reserved 1048576K
}
Event: 1956.857 GC heap after
{Heap after GC invocations=346 (full 3):
 PSYoungGen      total 3584K, used 1536K [0x00000000d5580000, 0x00000000d5d80000, 0x0000000100000000)
  eden space 2048K, 0% used [0x00000000d5580000,0x00000000d5580000,0x00000000d5780000)
  from space 1536K, 100% used [0x00000000d5800000,0x00000000d5980000,0x00000000d5980000)
  to   space 3072K, 0% used [0x00000000d5a80000,0x00000000d5a80000,0x00000000d5d80000)
 ParOldGen       total 284160K, used 283925K [0x0000000080000000, 0x0000000091580000, 0x00000000d5580000)
  object space 284160K, 99% used [0x0000000080000000,0x0000000091545798,0x0000000091580000)
 Metaspace       used 69923K, committed 71552K, reserved 1114112K
  class space    used 7130K, committed 7872K, reserved 1048576K
}
Event: 1956.902 GC heap before
{Heap before GC invocations=347 (full 3):
 PSYoungGen      total 3584K, used 3584K [0x00000000d5580000, 0x00000000d5d80000, 0x0000000100000000)
  eden space 2048K, 100% used [0x00000000d5580000,0x00000000d5780000,0x00000000d5780000)
  from space 1536K, 100% used [0x00000000d5800000,0x00000000d5980000,0x00000000d5980000)
  to   space 3072K, 0% used [0x00000000d5a80000,0x00000000d5a80000,0x00000000d5d80000)
 ParOldGen       total 284160K, used 283925K [0x0000000080000000, 0x0000000091580000, 0x00000000d5580000)
  object space 284160K, 99% used [0x0000000080000000,0x0000000091545798,0x0000000091580000)
 Metaspace       used 69923K, committed 71552K, reserved 1114112K
  class space    used 7130K, committed 7872K, reserved 1048576K
}
Event: 1956.907 GC heap after
{Heap after GC invocations=347 (full 3):
 PSYoungGen      total 4608K, used 2080K [0x00000000d5580000, 0x00000000d5d00000, 0x0000000100000000)
  eden space 2048K, 0% used [0x00000000d5580000,0x00000000d5580000,0x00000000d5780000)
  from space 2560K, 81% used [0x00000000d5a80000,0x00000000d5c88000,0x00000000d5d00000)
  to   space 2560K, 0% used [0x00000000d5800000,0x00000000d5800000,0x00000000d5a80000)
 ParOldGen       total 285696K, used 285453K [0x0000000080000000, 0x0000000091700000, 0x00000000d5580000)
  object space 285696K, 99% used [0x0000000080000000,0x00000000916c3798,0x0000000091700000)
 Metaspace       used 69923K, committed 71552K, reserved 1114112K
  class space    used 7130K, committed 7872K, reserved 1048576K
}
Event: 1956.925 GC heap before
{Heap before GC invocations=348 (full 3):
 PSYoungGen      total 4608K, used 4128K [0x00000000d5580000, 0x00000000d5d00000, 0x0000000100000000)
  eden space 2048K, 100% used [0x00000000d5580000,0x00000000d5780000,0x00000000d5780000)
  from space 2560K, 81% used [0x00000000d5a80000,0x00000000d5c88000,0x00000000d5d00000)
  to   space 2560K, 0% used [0x00000000d5800000,0x00000000d5800000,0x00000000d5a80000)
 ParOldGen       total 285696K, used 285453K [0x0000000080000000, 0x0000000091700000, 0x00000000d5580000)
  object space 285696K, 99% used [0x0000000080000000,0x00000000916c3798,0x0000000091700000)
 Metaspace       used 69923K, committed 71552K, reserved 1114112K
  class space    used 7130K, committed 7872K, reserved 1048576K
}
Event: 1956.930 GC heap after
{Heap after GC invocations=348 (full 3):
 PSYoungGen      total 4608K, used 1856K [0x00000000d5580000, 0x00000000d5c00000, 0x0000000100000000)
  eden space 2560K, 0% used [0x00000000d5580000,0x00000000d5580000,0x00000000d5800000)
  from space 2048K, 90% used [0x00000000d5800000,0x00000000d59d0000,0x00000000d5a00000)
  to   space 2048K, 0% used [0x00000000d5a00000,0x00000000d5a00000,0x00000000d5c00000)
 ParOldGen       total 287744K, used 287509K [0x0000000080000000, 0x0000000091900000, 0x00000000d5580000)
  object space 287744K, 99% used [0x0000000080000000,0x00000000918c5798,0x0000000091900000)
 Metaspace       used 69923K, committed 71552K, reserved 1114112K
  class space    used 7130K, committed 7872K, reserved 1048576K
}
Event: 1958.236 GC heap before
{Heap before GC invocations=349 (full 3):
 PSYoungGen      total 4608K, used 4416K [0x00000000d5580000, 0x00000000d5c00000, 0x0000000100000000)
  eden space 2560K, 100% used [0x00000000d5580000,0x00000000d5800000,0x00000000d5800000)
  from space 2048K, 90% used [0x00000000d5800000,0x00000000d59d0000,0x00000000d5a00000)
  to   space 2048K, 0% used [0x00000000d5a00000,0x00000000d5a00000,0x00000000d5c00000)
 ParOldGen       total 287744K, used 287509K [0x0000000080000000, 0x0000000091900000, 0x00000000d5580000)
  object space 287744K, 99% used [0x0000000080000000,0x00000000918c5798,0x0000000091900000)
 Metaspace       used 69925K, committed 71552K, reserved 1114112K
  class space    used 7130K, committed 7872K, reserved 1048576K
}
Event: 1958.254 GC heap after
{Heap after GC invocations=349 (full 3):
 PSYoungGen      total 2560K, used 2019K [0x00000000d5580000, 0x00000000d6000000, 0x0000000100000000)
  eden space 512K, 0% used [0x00000000d5580000,0x00000000d5580000,0x00000000d5600000)
  from space 2048K, 98% used [0x00000000d5a00000,0x00000000d5bf8c98,0x00000000d5c00000)
  to   space 4096K, 0% used [0x00000000d5600000,0x00000000d5600000,0x00000000d5a00000)
 ParOldGen       total 289280K, used 289125K [0x0000000080000000, 0x0000000091a80000, 0x00000000d5580000)
  object space 289280K, 99% used [0x0000000080000000,0x0000000091a59798,0x0000000091a80000)
 Metaspace       used 69925K, committed 71552K, reserved 1114112K
  class space    used 7130K, committed 7872K, reserved 1048576K
}

