# JRE version: OpenJDK Runtime Environment Corretto-17.0.13.11.1 (17.0.13+11) (build 17.0.13+11-LTS)
# Java VM: OpenJDK 64-Bit Server VM Corretto-17.0.13.11.1 (17.0.13+11-LTS, mixed mode, sharing, tiered, compressed oops, compressed class ptrs, g1 gc, windows-amd64)
GC Precious Log:
 CPUs: 4 total, 4 available
 Memory: 3962M
 Large Page Support: Disabled
 NUMA Support: Disabled
 Compressed Oops: Enabled (32-bit)
 Heap Region Size: 1M
 Heap Min Capacity: 8M
 Heap Initial Capacity: 62M
 Heap Max Capacity: 992M
 Pre-touch: Disabled
 Parallel Workers: 4
 Concurrent Workers: 1
 Concurrent Refinement Workers: 4
 Periodic GC: Disabled
Heap:
 garbage-first heap   total 86016K, used 30496K [0x00000000c2000000, 0x0000000100000000)
  region size 1024K, 2 young (2048K), 2 survivors (2048K)
 Metaspace       used 71981K, committed 72640K, reserved 1114112K
  class space    used 9925K, committed 10240K, reserved 1048576K
GC Heap History (20 events):
Event: 88.482 GC heap after
{Heap after GC invocations=23 (full 0):
 garbage-first heap   total 86016K, used 30937K [0x00000000c2000000, 0x0000000100000000)
  region size 1024K, 5 young (5120K), 5 survivors (5120K)
 Metaspace       used 67129K, committed 67776K, reserved 1114112K
  class space    used 9308K, committed 9600K, reserved 1048576K
}
Event: 115.316 GC heap before
{Heap before GC invocations=23 (full 0):
 garbage-first heap   total 86016K, used 30937K [0x00000000c2000000, 0x0000000100000000)
  region size 1024K, 6 young (6144K), 5 survivors (5120K)
 Metaspace       used 67269K, committed 67904K, reserved 1114112K
  class space    used 9327K, committed 9600K, reserved 1048576K
}
Event: 115.360 GC heap after
{Heap after GC invocations=24 (full 0):
 garbage-first heap   total 86016K, used 31562K [0x00000000c2000000, 0x0000000100000000)
  region size 1024K, 1 young (1024K), 1 survivors (1024K)
 Metaspace       used 67269K, committed 67904K, reserved 1114112K
  class space    used 9327K, committed 9600K, reserved 1048576K
}
Event: 116.762 GC heap before
{Heap before GC invocations=24 (full 0):
 garbage-first heap   total 86016K, used 33610K [0x00000000c2000000, 0x0000000100000000)
  region size 1024K, 4 young (4096K), 1 survivors (1024K)
 Metaspace       used 68128K, committed 68800K, reserved 1114112K
  class space    used 9420K, committed 9728K, reserved 1048576K
}
Event: 116.770 GC heap after
{Heap after GC invocations=25 (full 0):
 garbage-first heap   total 86016K, used 31154K [0x00000000c2000000, 0x0000000100000000)
  region size 1024K, 1 young (1024K), 1 survivors (1024K)
 Metaspace       used 68128K, committed 68800K, reserved 1114112K
  class space    used 9420K, committed 9728K, reserved 1048576K
}
Event: 119.507 GC heap before
{Heap before GC invocations=25 (full 0):
 garbage-first heap   total 86016K, used 39346K [0x00000000c2000000, 0x0000000100000000)
  region size 1024K, 10 young (10240K), 1 survivors (1024K)
 Metaspace       used 70288K, committed 70976K, reserved 1114112K
  class space    used 9733K, committed 10048K, reserved 1048576K
}
Event: 119.536 GC heap after
{Heap after GC invocations=26 (full 0):
 garbage-first heap   total 86016K, used 31667K [0x00000000c2000000, 0x0000000100000000)
  region size 1024K, 1 young (1024K), 1 survivors (1024K)
 Metaspace       used 70288K, committed 70976K, reserved 1114112K
  class space    used 9733K, committed 10048K, reserved 1048576K
}
Event: 561.720 GC heap before
{Heap before GC invocations=26 (full 0):
 garbage-first heap   total 86016K, used 47027K [0x00000000c2000000, 0x0000000100000000)
  region size 1024K, 16 young (16384K), 1 survivors (1024K)
 Metaspace       used 71571K, committed 72192K, reserved 1114112K
  class space    used 9882K, committed 10176K, reserved 1048576K
}
Event: 563.079 GC heap after
{Heap after GC invocations=27 (full 0):
 garbage-first heap   total 86016K, used 32033K [0x00000000c2000000, 0x0000000100000000)
  region size 1024K, 2 young (2048K), 2 survivors (2048K)
 Metaspace       used 71571K, committed 72192K, reserved 1114112K
  class space    used 9882K, committed 10176K, reserved 1048576K
}
Event: 627.877 GC heap before
{Heap before GC invocations=27 (full 0):
 garbage-first heap   total 86016K, used 34081K [0x00000000c2000000, 0x0000000100000000)
  region size 1024K, 4 young (4096K), 2 survivors (2048K)
 Metaspace       used 71727K, committed 72384K, reserved 1114112K
  class space    used 9913K, committed 10240K, reserved 1048576K
}
Event: 628.526 GC heap after
{Heap after GC invocations=28 (full 0):
 garbage-first heap   total 86016K, used 31893K [0x00000000c2000000, 0x0000000100000000)
  region size 1024K, 1 young (1024K), 1 survivors (1024K)
 Metaspace       used 71727K, committed 72384K, reserved 1114112K
  class space    used 9913K, committed 10240K, reserved 1048576K
}
Event: 630.059 GC heap before
{Heap before GC invocations=28 (full 0):
 garbage-first heap   total 86016K, used 31893K [0x00000000c2000000, 0x0000000100000000)
  region size 1024K, 2 young (2048K), 1 survivors (1024K)
 Metaspace       used 71745K, committed 72448K, reserved 1114112K
  class space    used 9916K, committed 10240K, reserved 1048576K
}
Event: 646.767 GC heap after
{Heap after GC invocations=29 (full 1):
 garbage-first heap   total 86016K, used 27603K [0x00000000c2000000, 0x0000000100000000)
  region size 1024K, 0 young (0K), 0 survivors (0K)
 Metaspace       used 71739K, committed 72448K, reserved 1114112K
  class space    used 9915K, committed 10240K, reserved 1048576K
}
Event: 656.378 GC heap before
{Heap before GC invocations=29 (full 1):
 garbage-first heap   total 86016K, used 33747K [0x00000000c2000000, 0x0000000100000000)
  region size 1024K, 6 young (6144K), 0 survivors (0K)
 Metaspace       used 71809K, committed 72512K, reserved 1114112K
  class space    used 9917K, committed 10240K, reserved 1048576K
}
Event: 656.418 GC heap after
{Heap after GC invocations=30 (full 1):
 garbage-first heap   total 86016K, used 28692K [0x00000000c2000000, 0x0000000100000000)
  region size 1024K, 1 young (1024K), 1 survivors (1024K)
 Metaspace       used 71809K, committed 72512K, reserved 1114112K
  class space    used 9917K, committed 10240K, reserved 1048576K
}
Event: 656.559 GC heap before
{Heap before GC invocations=30 (full 1):
 garbage-first heap   total 86016K, used 31764K [0x00000000c2000000, 0x0000000100000000)
  region size 1024K, 4 young (4096K), 1 survivors (1024K)
 Metaspace       used 71824K, committed 72512K, reserved 1114112K
  class space    used 9917K, committed 10240K, reserved 1048576K
}
Event: 656.572 GC heap after
{Heap after GC invocations=31 (full 1):
 garbage-first heap   total 86016K, used 29247K [0x00000000c2000000, 0x0000000100000000)
  region size 1024K, 1 young (1024K), 1 survivors (1024K)
 Metaspace       used 71824K, committed 72512K, reserved 1114112K
  class space    used 9917K, committed 10240K, reserved 1048576K
}
Event: 656.804 GC heap before
{Heap before GC invocations=31 (full 1):
 garbage-first heap   total 86016K, used 34367K [0x00000000c2000000, 0x0000000100000000)
  region size 1024K, 6 young (6144K), 1 survivors (1024K)
 Metaspace       used 71886K, committed 72576K, reserved 1114112K
  class space    used 9923K, committed 10240K, reserved 1048576K
}
Event: 656.809 GC heap after
{Heap after GC invocations=32 (full 1):
 garbage-first heap   total 86016K, used 29632K [0x00000000c2000000, 0x0000000100000000)
  region size 1024K, 1 young (1024K), 1 survivors (1024K)
 Metaspace       used 71886K, committed 72576K, reserved 1114112K
  class space    used 9923K, committed 10240K, reserved 1048576K
}
Event: 657.611 GC heap before
{Heap before GC invocations=32 (full 1):
 garbage-first heap   total 86016K, used 37824K [0x00000000c2000000, 0x0000000100000000)
  region size 1024K, 10 young (10240K), 1 survivors (1024K)
 Metaspace       used 71981K, committed 72640K, reserved 1114112K
  class space    used 9925K, committed 10240K, reserved 1048576K
}

