# JRE version: Java(TM) SE Runtime Environment (17.0.17+8) (build 17.0.17+8-LTS-360)
# Java VM: Java HotSpot(TM) 64-Bit Server VM (17.0.17+8-LTS-360, mixed mode, sharing, tiered, compressed oops, compressed class ptrs, g1 gc, windows-amd64)
GC Precious Log:
 CPUs: 4 total, 4 available
 Memory: 3962M
 Large Page Support: Disabled
 NUMA Support: Disabled
 Compressed Oops: Enabled (32-bit)
 Heap Region Size: 1M
 Heap Min Capacity: 8M
 Heap Initial Capacity: 62M
 Heap Max Capacity: 992M
 Pre-touch: Disabled
 Parallel Workers: 4
 Concurrent Workers: 1
 Concurrent Refinement Workers: 4
 Periodic GC: Disabled
Heap:
 garbage-first heap   total 63488K, used 18916K [0x00000000c2000000, 0x0000000100000000)
  region size 1024K, 12 young (12288K), 4 survivors (4096K)
 Metaspace       used 15543K, committed 15744K, reserved 1114112K
  class space    used 1858K, committed 1920K, reserved 1048576K
GC Heap History (10 events):
Event: 25.694 GC heap before
{Heap before GC invocations=0 (full 0):
 garbage-first heap   total 63488K, used 12288K [0x00000000c2000000, 0x0000000100000000)
  region size 1024K, 13 young (13312K), 0 survivors (0K)
 Metaspace       used 3575K, committed 3776K, reserved 1114112K
  class space    used 382K, committed 448K, reserved 1048576K
}
Event: 25.898 GC heap after
{Heap after GC invocations=1 (full 0):
 garbage-first heap   total 63488K, used 3207K [0x00000000c2000000, 0x0000000100000000)
  region size 1024K, 2 young (2048K), 2 survivors (2048K)
 Metaspace       used 3575K, committed 3776K, reserved 1114112K
  class space    used 382K, committed 448K, reserved 1048576K
}
Event: 27.649 GC heap before
{Heap before GC invocations=1 (full 0):
 garbage-first heap   total 63488K, used 12423K [0x00000000c2000000, 0x0000000100000000)
  region size 1024K, 11 young (11264K), 2 survivors (2048K)
 Metaspace       used 5419K, committed 5568K, reserved 1114112K
  class space    used 655K, committed 768K, reserved 1048576K
}
Event: 27.655 GC heap after
{Heap after GC invocations=2 (full 0):
 garbage-first heap   total 63488K, used 3920K [0x00000000c2000000, 0x0000000100000000)
  region size 1024K, 1 young (1024K), 1 survivors (1024K)
 Metaspace       used 5419K, committed 5568K, reserved 1114112K
  class space    used 655K, committed 768K, reserved 1048576K
}
Event: 28.737 GC heap before
{Heap before GC invocations=2 (full 0):
 garbage-first heap   total 63488K, used 24400K [0x00000000c2000000, 0x0000000100000000)
  region size 1024K, 21 young (21504K), 1 survivors (1024K)
 Metaspace       used 7282K, committed 7488K, reserved 1114112K
  class space    used 874K, committed 960K, reserved 1048576K
}
Event: 28.741 GC heap after
{Heap after GC invocations=3 (full 0):
 garbage-first heap   total 63488K, used 4465K [0x00000000c2000000, 0x0000000100000000)
  region size 1024K, 2 young (2048K), 2 survivors (2048K)
 Metaspace       used 7282K, committed 7488K, reserved 1114112K
  class space    used 874K, committed 960K, reserved 1048576K
}
Event: 34.389 GC heap before
{Heap before GC invocations=3 (full 0):
 garbage-first heap   total 63488K, used 40305K [0x00000000c2000000, 0x0000000100000000)
  region size 1024K, 37 young (37888K), 2 survivors (2048K)
 Metaspace       used 14403K, committed 14592K, reserved 1114112K
  class space    used 1769K, committed 1856K, reserved 1048576K
}
Event: 34.406 GC heap after
{Heap after GC invocations=4 (full 0):
 garbage-first heap   total 63488K, used 7913K [0x00000000c2000000, 0x0000000100000000)
  region size 1024K, 5 young (5120K), 5 survivors (5120K)
 Metaspace       used 14403K, committed 14592K, reserved 1114112K
  class space    used 1769K, committed 1856K, reserved 1048576K
}
Event: 83.869 GC heap before
{Heap before GC invocations=4 (full 0):
 garbage-first heap   total 63488K, used 40681K [0x00000000c2000000, 0x0000000100000000)
  region size 1024K, 37 young (37888K), 5 survivors (5120K)
 Metaspace       used 15470K, committed 15680K, reserved 1114112K
  class space    used 1856K, committed 1920K, reserved 1048576K
}
Event: 84.145 GC heap after
{Heap after GC invocations=5 (full 0):
 garbage-first heap   total 63488K, used 11748K [0x00000000c2000000, 0x0000000100000000)
  region size 1024K, 4 young (4096K), 4 survivors (4096K)
 Metaspace       used 15470K, committed 15680K, reserved 1114112K
  class space    used 1856K, committed 1920K, reserved 1048576K
}

