# JRE version: Java(TM) SE Runtime Environment (17.0.17+8) (build 17.0.17+8-LTS-360)
# Java VM: Java HotSpot(TM) 64-Bit Server VM (17.0.17+8-LTS-360, mixed mode, sharing, tiered, compressed oops, compressed class ptrs, g1 gc, windows-amd64)
GC Precious Log:
 CPUs: 4 total, 4 available
 Memory: 3962M
 Large Page Support: Disabled
 NUMA Support: Disabled
 Compressed Oops: Enabled (32-bit)
 Heap Region Size: 1M
 Heap Min Capacity: 8M
 Heap Initial Capacity: 62M
 Heap Max Capacity: 992M
 Pre-touch: Disabled
 Parallel Workers: 4
 Concurrent Workers: 1
 Concurrent Refinement Workers: 4
 Periodic GC: Disabled
Heap:
 garbage-first heap   total 81920K, used 42703K [0x00000000c2000000, 0x0000000100000000)
  region size 1024K, 29 young (29696K), 1 survivors (1024K)
 Metaspace       used 18312K, committed 18624K, reserved 1114112K
  class space    used 2074K, committed 2240K, reserved 1048576K
GC Heap History (18 events):
Event: 2.833 GC heap before
{Heap before GC invocations=0 (full 0):
 garbage-first heap   total 63488K, used 12288K [0x00000000c2000000, 0x0000000100000000)
  region size 1024K, 13 young (13312K), 0 survivors (0K)
 Metaspace       used 3590K, committed 3776K, reserved 1114112K
  class space    used 382K, committed 448K, reserved 1048576K
}
Event: 2.847 GC heap after
{Heap after GC invocations=1 (full 0):
 garbage-first heap   total 63488K, used 3268K [0x00000000c2000000, 0x0000000100000000)
  region size 1024K, 2 young (2048K), 2 survivors (2048K)
 Metaspace       used 3590K, committed 3776K, reserved 1114112K
  class space    used 382K, committed 448K, reserved 1048576K
}
Event: 4.239 GC heap before
{Heap before GC invocations=1 (full 0):
 garbage-first heap   total 63488K, used 15556K [0x00000000c2000000, 0x0000000100000000)
  region size 1024K, 14 young (14336K), 2 survivors (2048K)
 Metaspace       used 5539K, committed 5760K, reserved 1114112K
  class space    used 672K, committed 768K, reserved 1048576K
}
Event: 4.246 GC heap after
{Heap after GC invocations=2 (full 0):
 garbage-first heap   total 63488K, used 3962K [0x00000000c2000000, 0x0000000100000000)
  region size 1024K, 1 young (1024K), 1 survivors (1024K)
 Metaspace       used 5539K, committed 5760K, reserved 1114112K
  class space    used 672K, committed 768K, reserved 1048576K
}
Event: 5.889 GC heap before
{Heap before GC invocations=2 (full 0):
 garbage-first heap   total 63488K, used 27514K [0x00000000c2000000, 0x0000000100000000)
  region size 1024K, 25 young (25600K), 1 survivors (1024K)
 Metaspace       used 8785K, committed 8960K, reserved 1114112K
  class space    used 1063K, committed 1152K, reserved 1048576K
}
Event: 5.895 GC heap after
{Heap after GC invocations=3 (full 0):
 garbage-first heap   total 63488K, used 5015K [0x00000000c2000000, 0x0000000100000000)
  region size 1024K, 2 young (2048K), 2 survivors (2048K)
 Metaspace       used 8785K, committed 8960K, reserved 1114112K
  class space    used 1063K, committed 1152K, reserved 1048576K
}
Event: 13.669 GC heap before
{Heap before GC invocations=3 (full 0):
 garbage-first heap   total 63488K, used 40855K [0x00000000c2000000, 0x0000000100000000)
  region size 1024K, 37 young (37888K), 2 survivors (2048K)
 Metaspace       used 14676K, committed 14848K, reserved 1114112K
  class space    used 1784K, committed 1856K, reserved 1048576K
}
Event: 13.692 GC heap after
{Heap after GC invocations=4 (full 0):
 garbage-first heap   total 63488K, used 8614K [0x00000000c2000000, 0x0000000100000000)
  region size 1024K, 5 young (5120K), 5 survivors (5120K)
 Metaspace       used 14676K, committed 14848K, reserved 1114112K
  class space    used 1784K, committed 1856K, reserved 1048576K
}
Event: 24.476 GC heap before
{Heap before GC invocations=4 (full 0):
 garbage-first heap   total 63488K, used 41382K [0x00000000c2000000, 0x0000000100000000)
  region size 1024K, 37 young (37888K), 5 survivors (5120K)
 Metaspace       used 15544K, committed 15744K, reserved 1114112K
  class space    used 1858K, committed 1920K, reserved 1048576K
}
Event: 24.505 GC heap after
{Heap after GC invocations=5 (full 0):
 garbage-first heap   total 63488K, used 11990K [0x00000000c2000000, 0x0000000100000000)
  region size 1024K, 4 young (4096K), 4 survivors (4096K)
 Metaspace       used 15544K, committed 15744K, reserved 1114112K
  class space    used 1858K, committed 1920K, reserved 1048576K
}
Event: 39.072 GC heap before
{Heap before GC invocations=5 (full 0):
 garbage-first heap   total 63488K, used 42710K [0x00000000c2000000, 0x0000000100000000)
  region size 1024K, 34 young (34816K), 4 survivors (4096K)
 Metaspace       used 16081K, committed 16320K, reserved 1114112K
  class space    used 1879K, committed 1984K, reserved 1048576K
}
Event: 39.087 GC heap after
{Heap after GC invocations=6 (full 0):
 garbage-first heap   total 63488K, used 12987K [0x00000000c2000000, 0x0000000100000000)
  region size 1024K, 2 young (2048K), 2 survivors (2048K)
 Metaspace       used 16081K, committed 16320K, reserved 1114112K
  class space    used 1879K, committed 1984K, reserved 1048576K
}
Event: 52.595 GC heap before
{Heap before GC invocations=6 (full 0):
 garbage-first heap   total 63488K, used 47803K [0x00000000c2000000, 0x0000000100000000)
  region size 1024K, 29 young (29696K), 2 survivors (2048K)
 Metaspace       used 17312K, committed 17600K, reserved 1114112K
  class space    used 1998K, committed 2112K, reserved 1048576K
}
Event: 52.610 GC heap after
{Heap after GC invocations=7 (full 0):
 garbage-first heap   total 63488K, used 22464K [0x00000000c2000000, 0x0000000100000000)
  region size 1024K, 3 young (3072K), 3 survivors (3072K)
 Metaspace       used 17312K, committed 17600K, reserved 1114112K
  class space    used 1998K, committed 2112K, reserved 1048576K
}
Event: 52.759 GC heap before
{Heap before GC invocations=7 (full 0):
 garbage-first heap   total 63488K, used 34752K [0x00000000c2000000, 0x0000000100000000)
  region size 1024K, 4 young (4096K), 3 survivors (3072K)
 Metaspace       used 17312K, committed 17600K, reserved 1114112K
  class space    used 1998K, committed 2112K, reserved 1048576K
}
Event: 52.766 GC heap after
{Heap after GC invocations=8 (full 0):
 garbage-first heap   total 63488K, used 35111K [0x00000000c2000000, 0x0000000100000000)
  region size 1024K, 2 young (2048K), 2 survivors (2048K)
 Metaspace       used 17312K, committed 17600K, reserved 1114112K
  class space    used 1998K, committed 2112K, reserved 1048576K
}
Event: 69.087 GC heap before
{Heap before GC invocations=9 (full 0):
 garbage-first heap   total 81920K, used 62759K [0x00000000c2000000, 0x0000000100000000)
  region size 1024K, 17 young (17408K), 2 survivors (2048K)
 Metaspace       used 18070K, committed 18432K, reserved 1114112K
  class space    used 2062K, committed 2240K, reserved 1048576K
}
Event: 69.106 GC heap after
{Heap after GC invocations=10 (full 0):
 garbage-first heap   total 81920K, used 15055K [0x00000000c2000000, 0x0000000100000000)
  region size 1024K, 1 young (1024K), 1 survivors (1024K)
 Metaspace       used 18070K, committed 18432K, reserved 1114112K
  class space    used 2062K, committed 2240K, reserved 1048576K
}

